Copyright 1986-2022 Xilinx, Inc. All Rights Reserved. Copyright 2022-2024 Advanced Micro Devices, Inc. All Rights Reserved.
---------------------------------------------------------------------------------------------------------------------------------------------
| Tool Version : Vivado v.2024.2 (win64) Build 5239630 Fri Nov 08 22:35:27 MST 2024
| Date         : Mon May  5 23:54:05 2025
| Host         : LAPTOP-TDH3O4DL running 64-bit major release  (build 9200)
| Command      : report_utilization -hierarchical -file utilization.rpt
| Design       : top_mult
| Device       : xc7k70tfbv676-1
| Speed File   : -1
| Design State : Synthesized
---------------------------------------------------------------------------------------------------------------------------------------------

Utilization Design Information

Table of Contents
-----------------
1. Utilization by Hierarchy

1. Utilization by Hierarchy
---------------------------

+----------+--------+------------+------------+---------+------+-----+--------+--------+------------+
| Instance | Module | Total LUTs | Logic LUTs | LUTRAMs | SRLs | FFs | RAMB36 | RAMB18 | DSP Blocks |
+----------+--------+------------+------------+---------+------+-----+--------+--------+------------+
| top_mult |  (top) |          0 |          0 |       0 |    0 |   0 |      0 |      0 |          4 |
+----------+--------+------------+------------+---------+------+-----+--------+--------+------------+


